error: Error al obtener el carrito por su id:  Error! Cart con id 65c53ea66c7de1e44a480957 no encontrado en la base de datos {"cause":"Cart not found","code":4,"name":"Cart not found","stack":"Cart not found: Error! Cart con id 65c53ea66c7de1e44a480957 no encontrado en la base de datos\n    at CustomError.createError (file:///Users/mariainescasibapalacio/Desktop/backend2/entregasdesafios/src/services/errors/CustomError.js:4:21)\n    at getCartById (file:///Users/mariainescasibapalacio/Desktop/backend2/entregasdesafios/src/controllers/carts.controller.js:43:59)\n    at process.processTicksAndRejections (node:internal/process/task_queues:95:5)"}
error: Contraseña incorrecta para el usuario con el email proporcionado: {"email":"laurapalmer@gmail.com"}
error: Error en el inicio de sesión. Password is missing {"cause":"One or more fields were incomplete or not valid\n        List of required fields:\n        * email needs to be a String, received laurapalmer@gmail\n        * password: needs to be a String, received: \n    ","code":2,"name":"User login error","stack":"User login error: Password is missing\n    at CustomError.createError (file:///Users/mariainescasibapalacio/Desktop/backend2/entregasdesafios/src/services/errors/CustomError.js:4:21)\n    at loginUser (file:///Users/mariainescasibapalacio/Desktop/backend2/entregasdesafios/src/controllers/users.controller.js:31:43)\n    at Layer.handle [as handle_request] (/Users/mariainescasibapalacio/Desktop/backend2/entregasdesafios/node_modules/express/lib/router/layer.js:95:5)\n    at next (/Users/mariainescasibapalacio/Desktop/backend2/entregasdesafios/node_modules/express/lib/router/route.js:144:13)\n    at Route.dispatch (/Users/mariainescasibapalacio/Desktop/backend2/entregasdesafios/node_modules/express/lib/router/route.js:114:3)\n    at Layer.handle [as handle_request] (/Users/mariainescasibapalacio/Desktop/backend2/entregasdesafios/node_modules/express/lib/router/layer.js:95:5)\n    at /Users/mariainescasibapalacio/Desktop/backend2/entregasdesafios/node_modules/express/lib/router/index.js:284:15\n    at Function.process_params (/Users/mariainescasibapalacio/Desktop/backend2/entregasdesafios/node_modules/express/lib/router/index.js:346:12)\n    at next (/Users/mariainescasibapalacio/Desktop/backend2/entregasdesafios/node_modules/express/lib/router/index.js:280:10)\n    at Function.handle (/Users/mariainescasibapalacio/Desktop/backend2/entregasdesafios/node_modules/express/lib/router/index.js:175:3)"}
error: Contraseña incorrecta para el usuario con el email proporcionado: {"email":"laurapalmer@gmail.com"}
error: Error en el inicio de sesión. Contraseña incorrecta {"cause":"Contraseña incorrecta para el usuario con el email proporcionado","code":5,"name":"User login error","stack":"User login error: Contraseña incorrecta\n    at CustomError.createError (file:///Users/mariainescasibapalacio/Desktop/backend2/entregasdesafios/src/services/errors/CustomError.js:4:21)\n    at loginUser (file:///Users/mariainescasibapalacio/Desktop/backend2/entregasdesafios/src/controllers/users.controller.js:75:47)\n    at process.processTicksAndRejections (node:internal/process/task_queues:95:5)"}
error: Error en el inicio de sesión. Usuario no encontrado con el email proporcionado {"cause":"Usuario no encontrado con el email  proporcionado","code":5,"name":"User login error","stack":"User login error: Usuario no encontrado con el email proporcionado\n    at CustomError.createError (file:///Users/mariainescasibapalacio/Desktop/backend2/entregasdesafios/src/services/errors/CustomError.js:4:21)\n    at loginUser (file:///Users/mariainescasibapalacio/Desktop/backend2/entregasdesafios/src/controllers/users.controller.js:53:47)\n    at process.processTicksAndRejections (node:internal/process/task_queues:95:5)"}
error: No se encontró el producto a eliminar
error: Error al agregar el producto E11000 duplicate key error collection: test.products index: code_1 dup key: { code: "abc17" } {"code":11000,"index":0,"keyPattern":{"code":1},"keyValue":{"code":"abc17"},"stack":"MongoServerError: E11000 duplicate key error collection: test.products index: code_1 dup key: { code: \"abc17\" }\n    at InsertOneOperation.execute (/Users/mariainescasibapalacio/Desktop/backend2/entregasdesafios/node_modules/mongodb/lib/operations/insert.js:48:19)\n    at process.processTicksAndRejections (node:internal/process/task_queues:95:5)\n    at async executeOperationAsync (/Users/mariainescasibapalacio/Desktop/backend2/entregasdesafios/node_modules/mongodb/lib/operations/execute_operation.js:106:16)"}
error: No se encontró el producto a eliminar
error: No se encontró el producto a eliminar
error: No se encontró el producto a eliminar
error: No se encontró el producto a eliminar
error: No se encontró el producto a eliminar
error: No se encontró el producto a eliminar
error: No se encontró el producto a eliminar
error: No se encontró el producto a eliminar
error: No se encontró el producto a eliminar
error: No se encontró el producto a eliminar
error: No se encontró el producto a eliminar
error: No se encontró el producto a eliminar
error: No se encontró el producto a eliminar
error: No se encontró el producto a eliminar
error: No se encontró el producto a eliminar
error: No se encontró el producto a eliminar
error: No se encontró el producto a eliminar
error: No se encontró el producto a eliminar
error: No se encontró el producto a eliminar
error: No se encontró el producto a eliminar
error: No se encontró el producto a eliminar
error: No se encontró el producto a eliminar
error: No se encontró el producto a eliminar
error: No se encontró el producto a eliminar
error: No se encontró el producto a eliminar
error: No se encontró el producto a eliminar
error: No se encontró el producto a eliminar
error: No se encontró el producto a eliminar
error: No se encontró el producto a eliminar
error: No se encontró el producto a eliminar
error: No se encontró el producto a eliminar
error: No se encontró el producto a eliminar
error: No se encontró el producto a eliminar
